Using pre-set license

 COMMAND LINE ARGUMENTS:
/Applications/Unity/Hub/Editor/2020.2.7f1/Unity.app/Contents/MacOS/Unity
-adb2
-batchMode
-noUpm
-name
AssetImportWorker0
-projectPath
/Users/esetipo/Desktop/Desarrollo de video juegos/proyetos lab/LA-Era-del-Rock
-logFile
Logs/AssetImportWorker0.log
-srvPort
51078
Successfully changed project path to: /Users/esetipo/Desktop/Desarrollo de video juegos/proyetos lab/LA-Era-del-Rock
/Users/esetipo/Desktop/Desarrollo de video juegos/proyetos lab/LA-Era-del-Rock
Using Asset Import Pipeline V2.
Refreshing native plugins compatible for Editor in 34.02 ms, found 2 plugins.
Preloading 0 native plugins for Editor in 0.00 ms.
Initialize engine version: 2020.2.7f1 (c53830e277f1)
[Subsystems] Discovering subsystems at path /Applications/Unity/Hub/Editor/2020.2.7f1/Unity.app/Contents/Resources/UnitySubsystems
[Subsystems] Discovering subsystems at path /Users/esetipo/Desktop/Desarrollo de video juegos/proyetos lab/LA-Era-del-Rock/Assets
GfxDevice: creating device client; threaded=0
2022-01-02 17:28:14.535 Unity[2427:108749] (null) preferred device: Apple M1 (high power)
2022-01-02 17:28:14.535 Unity[2427:108749] Metal devices available: 1
2022-01-02 17:28:14.535 Unity[2427:108749] 0: Apple M1 (high power)
2022-01-02 17:28:14.535 Unity[2427:108749] Using device Apple M1 (high power)
Initializing Metal device caps: Apple M1
Initialize mono
Mono path[0] = '/Applications/Unity/Hub/Editor/2020.2.7f1/Unity.app/Contents/Managed'
Mono path[1] = '/Applications/Unity/Hub/Editor/2020.2.7f1/Unity.app/Contents/MonoBleedingEdge/lib/mono/unityjit'
Mono config path = '/Applications/Unity/Hub/Editor/2020.2.7f1/Unity.app/Contents/MonoBleedingEdge/etc'
Using monoOptions --debugger-agent=transport=dt_socket,embedding=1,server=y,suspend=n,address=127.0.0.1:56427
Begin MonoManager ReloadAssembly
Registering precompiled unity dll's ...
Register platform support module: /Applications/Unity/Hub/Editor/2020.2.7f1/Unity.app/Contents/PlaybackEngines/MacStandaloneSupport/UnityEditor.OSXStandalone.Extensions.dll
Register platform support module: /Applications/Unity/Hub/Editor/2020.2.7f1/PlaybackEngines/WindowsStandaloneSupport/UnityEditor.WindowsStandalone.Extensions.dll
Registered in 0.000483 seconds.
Native extension for WindowsStandalone target not found
Native extension for OSXStandalone target not found
Refreshing native plugins compatible for Editor in 32.03 ms, found 2 plugins.
Preloading 0 native plugins for Editor in 0.00 ms.
Invoked RoslynAnalysisRunner static constructor.
RoslynAnalysisRunner will not be running.
RoslynAnalysisRunner has terminated.
Mono: successfully reloaded assembly
- Completed reload, in  2.209 seconds
Platform modules already initialized, skipping
Registering precompiled user dll's ...
Registered in 0.001395 seconds.
Begin MonoManager ReloadAssembly
Native extension for WindowsStandalone target not found
Native extension for OSXStandalone target not found
Refreshing native plugins compatible for Editor in 32.52 ms, found 2 plugins.
Preloading 0 native plugins for Editor in 0.00 ms.
Invoked RoslynAnalysisRunner static constructor.
RoslynAnalysisRunner will not be running.
RoslynAnalysisRunner has terminated.
Mono: successfully reloaded assembly
- Completed reload, in  1.747 seconds
Platform modules already initialized, skipping
========================================================================
Worker process is ready to serve import requests
Launching external process: /Applications/Unity/Hub/Editor/2020.2.7f1/Unity.app/Contents/Tools/UnityShaderCompiler
Launched and connected shader compiler UnityShaderCompiler after 0.03 seconds
Refreshing native plugins compatible for Editor in 0.29 ms, found 2 plugins.
Preloading 0 native plugins for Editor in 0.00 ms.
Unloading 1807 Unused Serialized files (Serialized files now loaded: 0)
System memory in use before: 145.1 MB.
System memory in use after: 145.1 MB.

Unloading 24 unused Assets to reduce memory usage. Loaded Objects now: 2249.
Total: 1.524250 ms (FindLiveObjects: 0.142708 ms CreateObjectMapping: 0.035375 ms MarkObjects: 1.229417 ms  DeleteObjects: 0.115166 ms)

========================================================================
Received Import Request.
  path: Assets/NewBehaviourScript.cs
  artifactKey: Guid(dd8593631859a43b9b9b6030cf41578b) Importer(815301076,1909f56bfc062723c751e8b465ee728b)
Start importing Assets/NewBehaviourScript.cs using Guid(dd8593631859a43b9b9b6030cf41578b) Importer(815301076,1909f56bfc062723c751e8b465ee728b)  -> (artifact id: '409e3e8ec1eb4c12c33b239cf73f5523') in 0.236272 seconds
  Import took 0.238615 seconds .

========================================================================
Received Import Request.
  Time since last request: 46.836482 seconds.
  path: Assets/Activador.cs
  artifactKey: Guid(dd8593631859a43b9b9b6030cf41578b) Importer(815301076,1909f56bfc062723c751e8b465ee728b)
Start importing Assets/Activador.cs using Guid(dd8593631859a43b9b9b6030cf41578b) Importer(815301076,1909f56bfc062723c751e8b465ee728b)  -> (artifact id: '21270e45878d2f3888204cbaf0146571') in 0.003828 seconds
  Import took 0.010528 seconds .

========================================================================
Received Prepare
Registering precompiled user dll's ...
Registered in 0.000772 seconds.
Begin MonoManager ReloadAssembly
Native extension for WindowsStandalone target not found
Native extension for OSXStandalone target not found
Refreshing native plugins compatible for Editor in 0.33 ms, found 2 plugins.
Preloading 0 native plugins for Editor in 0.00 ms.
Invoked RoslynAnalysisRunner static constructor.
RoslynAnalysisRunner will not be running.
RoslynAnalysisRunner has terminated.
Mono: successfully reloaded assembly
- Completed reload, in  1.856 seconds
Platform modules already initialized, skipping
Refreshing native plugins compatible for Editor in 0.21 ms, found 2 plugins.
Preloading 0 native plugins for Editor in 0.00 ms.
Unloading 1802 Unused Serialized files (Serialized files now loaded: 0)
System memory in use before: 149.5 MB.
System memory in use after: 149.5 MB.

Unloading 12 unused Assets to reduce memory usage. Loaded Objects now: 2253.
Total: 1.417917 ms (FindLiveObjects: 0.121833 ms CreateObjectMapping: 0.034334 ms MarkObjects: 1.173792 ms  DeleteObjects: 0.087000 ms)

========================================================================
Received Import Request.
  Time since last request: 10.081650 seconds.
  path: Assets
  artifactKey: Guid(00000000000000001000000000000000) Importer(815301076,1909f56bfc062723c751e8b465ee728b)
Start importing Assets using Guid(00000000000000001000000000000000) Importer(815301076,1909f56bfc062723c751e8b465ee728b)  -> (artifact id: 'f89434ac489deb914593f829e0a47671') in 0.006038 seconds
  Import took 0.008977 seconds .

========================================================================
Received Import Request.
  Time since last request: 20.359511 seconds.
  path: Assets/New Prefab.prefab
  artifactKey: Guid(888f3057a1b28487a9aaab4bac84c3ff) Importer(815301076,1909f56bfc062723c751e8b465ee728b)
Start importing Assets/New Prefab.prefab using Guid(888f3057a1b28487a9aaab4bac84c3ff) Importer(815301076,1909f56bfc062723c751e8b465ee728b)  -> (artifact id: '62f008a7f1801331f99e8aebbe1350fd') in 1.006162 seconds
  Import took 1.013863 seconds .

========================================================================
Received Import Request.
  Time since last request: 5.249266 seconds.
  path: Assets/Scenes
  artifactKey: Guid(50ad50830093145dcb11252901d56e48) Importer(815301076,1909f56bfc062723c751e8b465ee728b)
Start importing Assets/Scenes using Guid(50ad50830093145dcb11252901d56e48) Importer(815301076,1909f56bfc062723c751e8b465ee728b)  -> (artifact id: 'ed9bd8b391b85f49517ac59db41c1452') in 0.001619 seconds
  Import took 0.005561 seconds .

========================================================================
Received Import Request.
  Time since last request: 60.346781 seconds.
  path: Assets/LedZeppelin-StairwayToHeaven.mp3
  artifactKey: Guid(792c4e88369ae446fb9aaf1cc39df1f6) Importer(815301076,1909f56bfc062723c751e8b465ee728b)
Start importing Assets/LedZeppelin-StairwayToHeaven.mp3 using Guid(792c4e88369ae446fb9aaf1cc39df1f6) Importer(815301076,1909f56bfc062723c751e8b465ee728b)  -> (artifact id: 'd574a73c6e84a9ad9411e03c4048805d') in 0.882569 seconds
  Import took 0.890180 seconds .

========================================================================
Received Import Request.
  Time since last request: 35.308402 seconds.
  path: Assets/Prefabs
  artifactKey: Guid(8f468c18da6b84834a5875985389237d) Importer(815301076,1909f56bfc062723c751e8b465ee728b)
Start importing Assets/Prefabs using Guid(8f468c18da6b84834a5875985389237d) Importer(815301076,1909f56bfc062723c751e8b465ee728b)  -> (artifact id: '69e0082ebc9485a6cdffcb60204dbc46') in 0.000982 seconds
  Import took 0.003692 seconds .

========================================================================
Received Import Request.
  Time since last request: 21.879167 seconds.
  path: Assets/Sprites
  artifactKey: Guid(fab87603dfa244533aaa70f8fcdaa278) Importer(815301076,1909f56bfc062723c751e8b465ee728b)
Start importing Assets/Sprites using Guid(fab87603dfa244533aaa70f8fcdaa278) Importer(815301076,1909f56bfc062723c751e8b465ee728b)  -> (artifact id: 'c8d8fe1fae89c298bbdb1574ecc8ae44') in 0.001551 seconds
  Import took 0.006257 seconds .

========================================================================
Received Import Request.
  Time since last request: 28.304314 seconds.
  path: Assets/SampleScene.unity
  artifactKey: Guid(2cda990e2423bbf4892e6590ba056729) Importer(815301076,1909f56bfc062723c751e8b465ee728b)
Start importing Assets/SampleScene.unity using Guid(2cda990e2423bbf4892e6590ba056729) Importer(815301076,1909f56bfc062723c751e8b465ee728b)  -> (artifact id: 'f4cd3df2f2677441bbab50587d11e9a2') in 0.003499 seconds
  Import took 0.007136 seconds .

========================================================================
Received Import Request.
  Time since last request: 0.002045 seconds.
  path: Assets/SampleScene.unity
  artifactKey: Guid(2cda990e2423bbf4892e6590ba056729) Importer(815301076,1909f56bfc062723c751e8b465ee728b)
Start importing Assets/SampleScene.unity using Guid(2cda990e2423bbf4892e6590ba056729) Importer(815301076,1909f56bfc062723c751e8b465ee728b)  -> (artifact id: 'f4cd3df2f2677441bbab50587d11e9a2') in 0.001028 seconds
  Import took 0.003676 seconds .

========================================================================
Received Import Request.
  Time since last request: 13.746911 seconds.
  path: Assets/Principal.unity
  artifactKey: Guid(2cda990e2423bbf4892e6590ba056729) Importer(815301076,1909f56bfc062723c751e8b465ee728b)
Start importing Assets/Principal.unity using Guid(2cda990e2423bbf4892e6590ba056729) Importer(815301076,1909f56bfc062723c751e8b465ee728b)  -> (artifact id: '18084be05ee7ba4aaf9921f034a4fb81') in 0.001405 seconds
  Import took 0.004811 seconds .

========================================================================
Received Import Request.
  Time since last request: 156.989167 seconds.
  path: Assets/Sprites/Circle.png
  artifactKey: Guid(6b60b0957f4e34625ba58de3108a5bc0) Importer(815301076,1909f56bfc062723c751e8b465ee728b)
Start importing Assets/Sprites/Circle.png using Guid(6b60b0957f4e34625ba58de3108a5bc0) Importer(815301076,1909f56bfc062723c751e8b465ee728b)  -> (artifact id: '56f338eacbc663022e19af900ad4747d') in 0.607790 seconds
  Import took 0.617327 seconds .

========================================================================
Received Prepare
Registering precompiled user dll's ...
Registered in 0.002610 seconds.
Begin MonoManager ReloadAssembly
Native extension for WindowsStandalone target not found
Native extension for OSXStandalone target not found
Refreshing native plugins compatible for Editor in 0.30 ms, found 2 plugins.
Preloading 0 native plugins for Editor in 0.00 ms.
Invoked RoslynAnalysisRunner static constructor.
RoslynAnalysisRunner will not be running.
RoslynAnalysisRunner has terminated.
Mono: successfully reloaded assembly
- Completed reload, in  1.831 seconds
Platform modules already initialized, skipping
Refreshing native plugins compatible for Editor in 0.24 ms, found 2 plugins.
Preloading 0 native plugins for Editor in 0.00 ms.
Unloading 1801 Unused Serialized files (Serialized files now loaded: 0)
System memory in use before: 166.0 MB.
System memory in use after: 166.0 MB.

Unloading 13 unused Assets to reduce memory usage. Loaded Objects now: 2267.
Total: 2.553417 ms (FindLiveObjects: 0.312042 ms CreateObjectMapping: 0.037167 ms MarkObjects: 2.120750 ms  DeleteObjects: 0.082500 ms)

========================================================================
Received Prepare
Registering precompiled user dll's ...
Registered in 0.000669 seconds.
Begin MonoManager ReloadAssembly
Native extension for WindowsStandalone target not found
Native extension for OSXStandalone target not found
Refreshing native plugins compatible for Editor in 0.31 ms, found 2 plugins.
Preloading 0 native plugins for Editor in 0.00 ms.
Invoked RoslynAnalysisRunner static constructor.
RoslynAnalysisRunner will not be running.
RoslynAnalysisRunner has terminated.
Mono: successfully reloaded assembly
- Completed reload, in  1.785 seconds
Platform modules already initialized, skipping
Refreshing native plugins compatible for Editor in 0.25 ms, found 2 plugins.
Preloading 0 native plugins for Editor in 0.00 ms.
Unloading 1802 Unused Serialized files (Serialized files now loaded: 0)
System memory in use before: 166.2 MB.
System memory in use after: 166.2 MB.

Unloading 12 unused Assets to reduce memory usage. Loaded Objects now: 2272.
Total: 1.401666 ms (FindLiveObjects: 0.128708 ms CreateObjectMapping: 0.034792 ms MarkObjects: 1.152750 ms  DeleteObjects: 0.084625 ms)

========================================================================
Received Import Request.
  Time since last request: 202.940105 seconds.
  path: Assets/Activador.cs
  artifactKey: Guid(dd8593631859a43b9b9b6030cf41578b) Importer(815301076,1909f56bfc062723c751e8b465ee728b)
Start importing Assets/Activador.cs using Guid(dd8593631859a43b9b9b6030cf41578b) Importer(815301076,1909f56bfc062723c751e8b465ee728b)  -> (artifact id: 'c61d4a675fcfec611f0b0890919fe98e') in 0.008440 seconds
  Import took 0.010861 seconds .

========================================================================
Received Import Request.
  Time since last request: 386.278390 seconds.
  path: Assets/Sprites/Activador.prefab
  artifactKey: Guid(9d79e2642459046dea3c9b019d805660) Importer(815301076,1909f56bfc062723c751e8b465ee728b)
Start importing Assets/Sprites/Activador.prefab using Guid(9d79e2642459046dea3c9b019d805660) Importer(815301076,1909f56bfc062723c751e8b465ee728b)  -> (artifact id: 'ed7581f7af5a5e6c57cff2a1470c44fd') in 0.313594 seconds
  Import took 0.322611 seconds .

========================================================================
Received Import Request.
  Time since last request: 0.713218 seconds.
  path: Assets/Sprites/Activador.prefab
  artifactKey: Guid(9d79e2642459046dea3c9b019d805660) Importer(815301076,1909f56bfc062723c751e8b465ee728b)
Start importing Assets/Sprites/Activador.prefab using Guid(9d79e2642459046dea3c9b019d805660) Importer(815301076,1909f56bfc062723c751e8b465ee728b)  -> (artifact id: 'ed7581f7af5a5e6c57cff2a1470c44fd') in 0.032297 seconds
  Import took 0.037618 seconds .

========================================================================
Received Prepare
Registering precompiled user dll's ...
Registered in 0.002730 seconds.
Begin MonoManager ReloadAssembly
Native extension for WindowsStandalone target not found
Native extension for OSXStandalone target not found
Refreshing native plugins compatible for Editor in 0.30 ms, found 2 plugins.
Preloading 0 native plugins for Editor in 0.00 ms.
Invoked RoslynAnalysisRunner static constructor.
RoslynAnalysisRunner will not be running.
RoslynAnalysisRunner has terminated.
Mono: successfully reloaded assembly
- Completed reload, in  1.766 seconds
Platform modules already initialized, skipping
Refreshing native plugins compatible for Editor in 0.30 ms, found 2 plugins.
Preloading 0 native plugins for Editor in 0.00 ms.
Unloading 1801 Unused Serialized files (Serialized files now loaded: 0)
System memory in use before: 166.5 MB.
System memory in use after: 166.5 MB.

Unloading 13 unused Assets to reduce memory usage. Loaded Objects now: 2276.
Total: 1.867500 ms (FindLiveObjects: 0.142500 ms CreateObjectMapping: 0.035625 ms MarkObjects: 1.598333 ms  DeleteObjects: 0.090042 ms)

========================================================================
Received Import Request.
  Time since last request: 65.502563 seconds.
  path: Assets/Sprites/Circle.png
  artifactKey: Guid(1c94b06337ce74aeb957dd84770208e8) Importer(815301076,1909f56bfc062723c751e8b465ee728b)
Start importing Assets/Sprites/Circle.png using Guid(1c94b06337ce74aeb957dd84770208e8) Importer(815301076,1909f56bfc062723c751e8b465ee728b)  -> (artifact id: '412893d042b92e24a50f256f63fa2584') in 0.127454 seconds
  Import took 0.130160 seconds .

========================================================================
Received Prepare
Registering precompiled user dll's ...
Registered in 0.001443 seconds.
Begin MonoManager ReloadAssembly
Native extension for WindowsStandalone target not found
Native extension for OSXStandalone target not found
Refreshing native plugins compatible for Editor in 0.30 ms, found 2 plugins.
Preloading 0 native plugins for Editor in 0.00 ms.
Invoked RoslynAnalysisRunner static constructor.
RoslynAnalysisRunner will not be running.
RoslynAnalysisRunner has terminated.
Mono: successfully reloaded assembly
- Completed reload, in  1.877 seconds
Platform modules already initialized, skipping
Refreshing native plugins compatible for Editor in 0.21 ms, found 2 plugins.
Preloading 0 native plugins for Editor in 0.00 ms.
Unloading 1802 Unused Serialized files (Serialized files now loaded: 0)
System memory in use before: 166.8 MB.
System memory in use after: 166.7 MB.

Unloading 12 unused Assets to reduce memory usage. Loaded Objects now: 2282.
Total: 1.409875 ms (FindLiveObjects: 0.132417 ms CreateObjectMapping: 0.034542 ms MarkObjects: 1.145666 ms  DeleteObjects: 0.096500 ms)

========================================================================
Received Import Request.
  Time since last request: 149.028789 seconds.
  path: Assets/Prefabs/Activador.prefab
  artifactKey: Guid(649db86e65c56450b99d118562f4c4db) Importer(815301076,1909f56bfc062723c751e8b465ee728b)
Start importing Assets/Prefabs/Activador.prefab using Guid(649db86e65c56450b99d118562f4c4db) Importer(815301076,1909f56bfc062723c751e8b465ee728b)  -> (artifact id: '6703bae446da1adbdcf2b988c4075bb7') in 0.190367 seconds
  Import took 0.203240 seconds .

========================================================================
Received Import Request.
  Time since last request: 733.348367 seconds.
  path: Assets/Activador.cs
  artifactKey: Guid(dd8593631859a43b9b9b6030cf41578b) Importer(815301076,1909f56bfc062723c751e8b465ee728b)
Start importing Assets/Activador.cs using Guid(dd8593631859a43b9b9b6030cf41578b) Importer(815301076,1909f56bfc062723c751e8b465ee728b)  -> (artifact id: 'b28e9c3a5e62fc64000ce79036fbebc5') in 0.003542 seconds
  Import took 0.011050 seconds .

========================================================================
Received Prepare
Registering precompiled user dll's ...
Registered in 0.000715 seconds.
Begin MonoManager ReloadAssembly
Native extension for WindowsStandalone target not found
Native extension for OSXStandalone target not found
Refreshing native plugins compatible for Editor in 0.33 ms, found 2 plugins.
Preloading 0 native plugins for Editor in 0.00 ms.
Invoked RoslynAnalysisRunner static constructor.
RoslynAnalysisRunner will not be running.
RoslynAnalysisRunner has terminated.
Mono: successfully reloaded assembly
- Completed reload, in  1.845 seconds
Platform modules already initialized, skipping
Refreshing native plugins compatible for Editor in 0.25 ms, found 2 plugins.
Preloading 0 native plugins for Editor in 0.00 ms.
Unloading 1802 Unused Serialized files (Serialized files now loaded: 0)
System memory in use before: 167.1 MB.
System memory in use after: 167.0 MB.

Unloading 12 unused Assets to reduce memory usage. Loaded Objects now: 2287.
Total: 2.518917 ms (FindLiveObjects: 0.297000 ms CreateObjectMapping: 0.037125 ms MarkObjects: 2.090042 ms  DeleteObjects: 0.093000 ms)

========================================================================
Received Prepare
Registering precompiled user dll's ...
Registered in 0.001760 seconds.
Begin MonoManager ReloadAssembly
Native extension for WindowsStandalone target not found
Native extension for OSXStandalone target not found
Refreshing native plugins compatible for Editor in 0.29 ms, found 2 plugins.
Preloading 0 native plugins for Editor in 0.00 ms.
Invoked RoslynAnalysisRunner static constructor.
RoslynAnalysisRunner will not be running.
RoslynAnalysisRunner has terminated.
Mono: successfully reloaded assembly
- Completed reload, in  1.759 seconds
Platform modules already initialized, skipping
Refreshing native plugins compatible for Editor in 0.23 ms, found 2 plugins.
Preloading 0 native plugins for Editor in 0.00 ms.
Unloading 1802 Unused Serialized files (Serialized files now loaded: 0)
System memory in use before: 167.3 MB.
System memory in use after: 167.3 MB.

Unloading 12 unused Assets to reduce memory usage. Loaded Objects now: 2291.
Total: 5.403917 ms (FindLiveObjects: 0.134917 ms CreateObjectMapping: 0.036000 ms MarkObjects: 3.096500 ms  DeleteObjects: 2.135541 ms)

========================================================================
Received Import Request.
  Time since last request: 2304.680366 seconds.
  path: Assets/Prefabs/Activador.prefab
  artifactKey: Guid(649db86e65c56450b99d118562f4c4db) Importer(815301076,1909f56bfc062723c751e8b465ee728b)
Start importing Assets/Prefabs/Activador.prefab using Guid(649db86e65c56450b99d118562f4c4db) Importer(815301076,1909f56bfc062723c751e8b465ee728b)  -> (artifact id: '880c016a4fb277f47eb1fccbf6609f38') in 0.160583 seconds
  Import took 0.163728 seconds .

========================================================================
Received Import Request.
  Time since last request: 115.159361 seconds.
  path: ProjectSettings/TagManager.asset
  artifactKey: Guid(00000000000000003000000000000000) Importer(815301076,1909f56bfc062723c751e8b465ee728b)
Start importing ProjectSettings/TagManager.asset using Guid(00000000000000003000000000000000) Importer(815301076,1909f56bfc062723c751e8b465ee728b)  -> (artifact id: '48bee843c698d9ab3dae6dfd10a6554a') in 0.331363 seconds
  Import took 0.343576 seconds .

========================================================================
Received Prepare
Registering precompiled user dll's ...
Registered in 0.001280 seconds.
Begin MonoManager ReloadAssembly
Native extension for WindowsStandalone target not found
Native extension for OSXStandalone target not found
Refreshing native plugins compatible for Editor in 0.30 ms, found 2 plugins.
Preloading 0 native plugins for Editor in 0.00 ms.
Invoked RoslynAnalysisRunner static constructor.
RoslynAnalysisRunner will not be running.
RoslynAnalysisRunner has terminated.
Mono: successfully reloaded assembly
- Completed reload, in  1.854 seconds
Platform modules already initialized, skipping
Refreshing native plugins compatible for Editor in 0.28 ms, found 2 plugins.
Preloading 0 native plugins for Editor in 0.00 ms.
Unloading 1802 Unused Serialized files (Serialized files now loaded: 0)
System memory in use before: 171.8 MB.
System memory in use after: 171.8 MB.

Unloading 13 unused Assets to reduce memory usage. Loaded Objects now: 2296.
Total: 1.492292 ms (FindLiveObjects: 0.194333 ms CreateObjectMapping: 0.036334 ms MarkObjects: 1.163084 ms  DeleteObjects: 0.097583 ms)

========================================================================
Received Prepare
Registering precompiled user dll's ...
Registered in 0.001151 seconds.
Begin MonoManager ReloadAssembly
Native extension for WindowsStandalone target not found
Native extension for OSXStandalone target not found
Refreshing native plugins compatible for Editor in 0.46 ms, found 2 plugins.
Preloading 0 native plugins for Editor in 0.00 ms.
Invoked RoslynAnalysisRunner static constructor.
RoslynAnalysisRunner will not be running.
RoslynAnalysisRunner has terminated.
Mono: successfully reloaded assembly
- Completed reload, in  1.760 seconds
Platform modules already initialized, skipping
Refreshing native plugins compatible for Editor in 0.27 ms, found 2 plugins.
Preloading 0 native plugins for Editor in 0.00 ms.
Unloading 1802 Unused Serialized files (Serialized files now loaded: 0)
System memory in use before: 172.0 MB.
System memory in use after: 171.9 MB.

Unloading 12 unused Assets to reduce memory usage. Loaded Objects now: 2300.
Total: 1.550084 ms (FindLiveObjects: 0.180416 ms CreateObjectMapping: 0.039417 ms MarkObjects: 1.227542 ms  DeleteObjects: 0.101500 ms)

========================================================================
Received Prepare
Registering precompiled user dll's ...
Registered in 0.001138 seconds.
Begin MonoManager ReloadAssembly
Native extension for WindowsStandalone target not found
Native extension for OSXStandalone target not found
Refreshing native plugins compatible for Editor in 0.31 ms, found 2 plugins.
Preloading 0 native plugins for Editor in 0.00 ms.
Invoked RoslynAnalysisRunner static constructor.
RoslynAnalysisRunner will not be running.
RoslynAnalysisRunner has terminated.
Mono: successfully reloaded assembly
- Completed reload, in  1.717 seconds
Platform modules already initialized, skipping
Refreshing native plugins compatible for Editor in 0.18 ms, found 2 plugins.
Preloading 0 native plugins for Editor in 0.00 ms.
Unloading 1802 Unused Serialized files (Serialized files now loaded: 0)
System memory in use before: 172.2 MB.
System memory in use after: 172.2 MB.

Unloading 12 unused Assets to reduce memory usage. Loaded Objects now: 2304.
Total: 1.460458 ms (FindLiveObjects: 0.120833 ms CreateObjectMapping: 0.034875 ms MarkObjects: 1.208042 ms  DeleteObjects: 0.095834 ms)

========================================================================
Received Prepare
Registering precompiled user dll's ...
Registered in 0.001610 seconds.
Begin MonoManager ReloadAssembly
Native extension for WindowsStandalone target not found
Native extension for OSXStandalone target not found
Refreshing native plugins compatible for Editor in 0.40 ms, found 2 plugins.
Preloading 0 native plugins for Editor in 0.00 ms.
Invoked RoslynAnalysisRunner static constructor.
RoslynAnalysisRunner will not be running.
RoslynAnalysisRunner has terminated.
Mono: successfully reloaded assembly
- Completed reload, in  1.713 seconds
Platform modules already initialized, skipping
Refreshing native plugins compatible for Editor in 0.19 ms, found 2 plugins.
Preloading 0 native plugins for Editor in 0.00 ms.
Unloading 1802 Unused Serialized files (Serialized files now loaded: 0)
System memory in use before: 172.4 MB.
System memory in use after: 172.3 MB.

Unloading 12 unused Assets to reduce memory usage. Loaded Objects now: 2308.
Total: 1.314083 ms (FindLiveObjects: 0.115459 ms CreateObjectMapping: 0.034500 ms MarkObjects: 1.079834 ms  DeleteObjects: 0.083458 ms)

========================================================================
Received Prepare
Registering precompiled user dll's ...
Registered in 0.001613 seconds.
Begin MonoManager ReloadAssembly
Native extension for WindowsStandalone target not found
Native extension for OSXStandalone target not found
Refreshing native plugins compatible for Editor in 0.29 ms, found 2 plugins.
Preloading 0 native plugins for Editor in 0.00 ms.
Invoked RoslynAnalysisRunner static constructor.
RoslynAnalysisRunner will not be running.
RoslynAnalysisRunner has terminated.
Mono: successfully reloaded assembly
- Completed reload, in  1.761 seconds
Platform modules already initialized, skipping
Refreshing native plugins compatible for Editor in 0.28 ms, found 2 plugins.
Preloading 0 native plugins for Editor in 0.00 ms.
Unloading 1802 Unused Serialized files (Serialized files now loaded: 0)
System memory in use before: 172.6 MB.
System memory in use after: 172.6 MB.

Unloading 12 unused Assets to reduce memory usage. Loaded Objects now: 2312.
Total: 1.459250 ms (FindLiveObjects: 0.183959 ms CreateObjectMapping: 0.035166 ms MarkObjects: 1.151500 ms  DeleteObjects: 0.087791 ms)

========================================================================
Received Prepare
Registering precompiled user dll's ...
Registered in 0.001495 seconds.
Begin MonoManager ReloadAssembly
Native extension for WindowsStandalone target not found
Native extension for OSXStandalone target not found
Refreshing native plugins compatible for Editor in 0.33 ms, found 2 plugins.
Preloading 0 native plugins for Editor in 0.00 ms.
Invoked RoslynAnalysisRunner static constructor.
RoslynAnalysisRunner will not be running.
RoslynAnalysisRunner has terminated.
Mono: successfully reloaded assembly
- Completed reload, in  1.778 seconds
Platform modules already initialized, skipping
Refreshing native plugins compatible for Editor in 0.23 ms, found 2 plugins.
Preloading 0 native plugins for Editor in 0.00 ms.
Unloading 1802 Unused Serialized files (Serialized files now loaded: 0)
System memory in use before: 172.8 MB.
System memory in use after: 172.7 MB.

Unloading 12 unused Assets to reduce memory usage. Loaded Objects now: 2316.
Total: 1.406000 ms (FindLiveObjects: 0.123917 ms CreateObjectMapping: 0.036041 ms MarkObjects: 1.148583 ms  DeleteObjects: 0.096542 ms)

========================================================================
Received Prepare
Registering precompiled user dll's ...
Registered in 0.000933 seconds.
Begin MonoManager ReloadAssembly
Native extension for WindowsStandalone target not found
Native extension for OSXStandalone target not found
Refreshing native plugins compatible for Editor in 0.30 ms, found 2 plugins.
Preloading 0 native plugins for Editor in 0.00 ms.
Invoked RoslynAnalysisRunner static constructor.
RoslynAnalysisRunner will not be running.
RoslynAnalysisRunner has terminated.
Mono: successfully reloaded assembly
- Completed reload, in  1.769 seconds
Platform modules already initialized, skipping
Refreshing native plugins compatible for Editor in 0.29 ms, found 2 plugins.
Preloading 0 native plugins for Editor in 0.00 ms.
Unloading 1802 Unused Serialized files (Serialized files now loaded: 0)
System memory in use before: 172.9 MB.
System memory in use after: 173.0 MB.

Unloading 12 unused Assets to reduce memory usage. Loaded Objects now: 2320.
Total: 1.481000 ms (FindLiveObjects: 0.171125 ms CreateObjectMapping: 0.035500 ms MarkObjects: 1.171625 ms  DeleteObjects: 0.101375 ms)

========================================================================
Received Prepare
Registering precompiled user dll's ...
Registered in 0.000373 seconds.
Begin MonoManager ReloadAssembly
Native extension for WindowsStandalone target not found
Native extension for OSXStandalone target not found
Refreshing native plugins compatible for Editor in 0.29 ms, found 2 plugins.
Preloading 0 native plugins for Editor in 0.00 ms.
Invoked RoslynAnalysisRunner static constructor.
RoslynAnalysisRunner will not be running.
RoslynAnalysisRunner has terminated.
Mono: successfully reloaded assembly
- Completed reload, in  1.755 seconds
Platform modules already initialized, skipping
Refreshing native plugins compatible for Editor in 0.29 ms, found 2 plugins.
Preloading 0 native plugins for Editor in 0.00 ms.
Unloading 1802 Unused Serialized files (Serialized files now loaded: 0)
System memory in use before: 173.2 MB.
System memory in use after: 173.1 MB.

Unloading 12 unused Assets to reduce memory usage. Loaded Objects now: 2324.
Total: 1.558416 ms (FindLiveObjects: 0.207375 ms CreateObjectMapping: 0.036292 ms MarkObjects: 1.204166 ms  DeleteObjects: 0.109584 ms)

========================================================================
Received Prepare
Registering precompiled user dll's ...
Registered in 0.001092 seconds.
Begin MonoManager ReloadAssembly
Native extension for WindowsStandalone target not found
Native extension for OSXStandalone target not found
Refreshing native plugins compatible for Editor in 0.30 ms, found 2 plugins.
Preloading 0 native plugins for Editor in 0.00 ms.
Invoked RoslynAnalysisRunner static constructor.
RoslynAnalysisRunner will not be running.
RoslynAnalysisRunner has terminated.
Mono: successfully reloaded assembly
- Completed reload, in  1.708 seconds
Platform modules already initialized, skipping
Refreshing native plugins compatible for Editor in 0.27 ms, found 2 plugins.
Preloading 0 native plugins for Editor in 0.00 ms.
Unloading 1802 Unused Serialized files (Serialized files now loaded: 0)
System memory in use before: 173.3 MB.
System memory in use after: 173.4 MB.

Unloading 12 unused Assets to reduce memory usage. Loaded Objects now: 2328.
Total: 1.455208 ms (FindLiveObjects: 0.206042 ms CreateObjectMapping: 0.035417 ms MarkObjects: 1.122750 ms  DeleteObjects: 0.090291 ms)

========================================================================
Received Prepare
Registering precompiled user dll's ...
Registered in 0.000552 seconds.
Begin MonoManager ReloadAssembly
Native extension for WindowsStandalone target not found
Native extension for OSXStandalone target not found
Refreshing native plugins compatible for Editor in 0.30 ms, found 2 plugins.
Preloading 0 native plugins for Editor in 0.00 ms.
Invoked RoslynAnalysisRunner static constructor.
RoslynAnalysisRunner will not be running.
RoslynAnalysisRunner has terminated.
Mono: successfully reloaded assembly
- Completed reload, in  1.704 seconds
Platform modules already initialized, skipping
Refreshing native plugins compatible for Editor in 0.28 ms, found 2 plugins.
Preloading 0 native plugins for Editor in 0.00 ms.
Unloading 1802 Unused Serialized files (Serialized files now loaded: 0)
System memory in use before: 173.5 MB.
System memory in use after: 173.5 MB.

Unloading 12 unused Assets to reduce memory usage. Loaded Objects now: 2332.
Total: 1.453667 ms (FindLiveObjects: 0.152125 ms CreateObjectMapping: 0.035875 ms MarkObjects: 1.169375 ms  DeleteObjects: 0.095292 ms)

========================================================================
Received Prepare
Registering precompiled user dll's ...
Registered in 0.002318 seconds.
Begin MonoManager ReloadAssembly
Native extension for WindowsStandalone target not found
Native extension for OSXStandalone target not found
Refreshing native plugins compatible for Editor in 0.30 ms, found 2 plugins.
Preloading 0 native plugins for Editor in 0.00 ms.
Invoked RoslynAnalysisRunner static constructor.
RoslynAnalysisRunner will not be running.
RoslynAnalysisRunner has terminated.
Mono: successfully reloaded assembly
- Completed reload, in  1.739 seconds
Platform modules already initialized, skipping
Refreshing native plugins compatible for Editor in 0.26 ms, found 2 plugins.
Preloading 0 native plugins for Editor in 0.00 ms.
Unloading 1802 Unused Serialized files (Serialized files now loaded: 0)
System memory in use before: 173.7 MB.
System memory in use after: 173.7 MB.

Unloading 12 unused Assets to reduce memory usage. Loaded Objects now: 2336.
Total: 1.548667 ms (FindLiveObjects: 0.220792 ms CreateObjectMapping: 0.036833 ms MarkObjects: 1.183083 ms  DeleteObjects: 0.106917 ms)

========================================================================
Received Import Request.
  Time since last request: 2112.324669 seconds.
  path: Assets/Prefabs/Note.prefab
  artifactKey: Guid(a6bcb11e7e2724085a4e30908bdb63dd) Importer(815301076,1909f56bfc062723c751e8b465ee728b)
Start importing Assets/Prefabs/Note.prefab using Guid(a6bcb11e7e2724085a4e30908bdb63dd) Importer(815301076,1909f56bfc062723c751e8b465ee728b)  -> (artifact id: '22beefae0be7e5c12f3a7cfb0680c04c') in 0.197235 seconds
  Import took 0.207510 seconds .

========================================================================
Received Import Request.
  Time since last request: 508.961194 seconds.
  path: ProjectSettings/TagManager.asset
  artifactKey: Guid(00000000000000003000000000000000) Importer(815301076,1909f56bfc062723c751e8b465ee728b)
Start importing ProjectSettings/TagManager.asset using Guid(00000000000000003000000000000000) Importer(815301076,1909f56bfc062723c751e8b465ee728b)  -> (artifact id: '4ccce4cf6675e4c9f5dd64db46c86a90') in 0.010215 seconds
  Import took 0.025565 seconds .

========================================================================
Received Import Request.
  Time since last request: 0.015961 seconds.
  path: ProjectSettings/TagManager.asset
  artifactKey: Guid(00000000000000003000000000000000) Importer(815301076,1909f56bfc062723c751e8b465ee728b)
Start importing ProjectSettings/TagManager.asset using Guid(00000000000000003000000000000000) Importer(815301076,1909f56bfc062723c751e8b465ee728b)  -> (artifact id: '4ccce4cf6675e4c9f5dd64db46c86a90') in 0.001511 seconds
  Import took 0.004232 seconds .

========================================================================
Received Prepare
Registering precompiled user dll's ...
Registered in 0.017154 seconds.
Begin MonoManager ReloadAssembly
Native extension for WindowsStandalone target not found
Native extension for OSXStandalone target not found
Refreshing native plugins compatible for Editor in 0.37 ms, found 2 plugins.
Preloading 0 native plugins for Editor in 0.00 ms.
Invoked RoslynAnalysisRunner static constructor.
RoslynAnalysisRunner will not be running.
RoslynAnalysisRunner has terminated.
Mono: successfully reloaded assembly
- Completed reload, in  1.988 seconds
Platform modules already initialized, skipping
Refreshing native plugins compatible for Editor in 0.31 ms, found 2 plugins.
Preloading 0 native plugins for Editor in 0.00 ms.
Unloading 1803 Unused Serialized files (Serialized files now loaded: 0)
System memory in use before: 174.0 MB.
System memory in use after: 174.0 MB.

Unloading 14 unused Assets to reduce memory usage. Loaded Objects now: 2342.
Total: 2.298917 ms (FindLiveObjects: 0.433250 ms CreateObjectMapping: 0.038083 ms MarkObjects: 1.730875 ms  DeleteObjects: 0.095958 ms)

========================================================================
Received Import Request.
  Time since last request: 2889.783725 seconds.
  path: Assets/Note.cs
  artifactKey: Guid(261caf64708cc46359f58c47ba881562) Importer(815301076,1909f56bfc062723c751e8b465ee728b)
Start importing Assets/Note.cs using Guid(261caf64708cc46359f58c47ba881562) Importer(815301076,1909f56bfc062723c751e8b465ee728b)  -> (artifact id: '5e8b723b256cdcb6a82e308fedc42698') in 0.007736 seconds
  Import took 0.010441 seconds .

========================================================================
Received Import Request.
  Time since last request: 0.006920 seconds.
  path: Assets/Note.cs
  artifactKey: Guid(261caf64708cc46359f58c47ba881562) Importer(815301076,1909f56bfc062723c751e8b465ee728b)
Start importing Assets/Note.cs using Guid(261caf64708cc46359f58c47ba881562) Importer(815301076,1909f56bfc062723c751e8b465ee728b)  -> (artifact id: '5e8b723b256cdcb6a82e308fedc42698') in 0.000923 seconds
  Import took 0.003263 seconds .

